<?xml version="1.0" encoding="UTF-8"?>
<!-- Generated by org.testng.reporters.JUnitReportReporter -->
<testsuite hostname="AmitsPC" failures="0" tests="1" name="testCases.TC001_AccountRegistrationTest" time="16.270" errors="0" timestamp="2025-10-23T15:37:54 IST" skipped="0">
  <testcase classname="testCases.TC001_AccountRegistrationTest" name="verify_account_registration" time="16.270"/>
</testsuite> <!-- testCases.TC001_AccountRegistrationTest -->
